Flutter crash report.
Please report a bug at https://github.com/flutter/flutter/issues.

## command

flutter --no-color run --machine --track-widget-creation --device-id=chrome --start-paused --dart-define=flutter.inspector.structuredErrors=true lib\main.dart

## exception

StateError: Bad state: No context with the running Dart application.

```
#0      RemoteDebuggerExecutionContext.id (package:dwds/src/debugging/execution_context.dart:55:7)
<asynchronous suspension>
#1      AppInspector._getExtensionRpcs (package:dwds/src/debugging/inspector.dart:538:20)
<asynchronous suspension>
#2      AppInspector._initialize (package:dwds/src/debugging/inspector.dart:97:34)
<asynchronous suspension>
#3      AppInspector.initialize (package:dwds/src/debugging/inspector.dart:160:5)
<asynchronous suspension>
#4      ChromeProxyService.createIsolate (package:dwds/src/services/chrome_proxy_service.dart:216:18)
<asynchronous suspension>
```

## flutter doctor

```
[✓] Flutter (Channel stable, 2.10.5, on Microsoft Windows [Version 10.0.19043.1706], locale ko-KR)
    • Flutter version 2.10.5 at C:\flutter Source\flutter
    • Upstream repository https://github.com/flutter/flutter.git
    • Framework revision 5464c5bac7 (6 weeks ago), 2022-04-18 09:55:37 -0700
    • Engine revision 57d3bac3dd
    • Dart version 2.16.2
    • DevTools version 2.9.2

[✓] Android toolchain - develop for Android devices (Android SDK version 32.1.0-rc1)
    • Android SDK at C:/Users/ham3798/AppData/Local/Android/Sdk
    • Platform android-32, build-tools 32.1.0-rc1
    • ANDROID_HOME = C:/Users/ham3798/AppData/Local/Android/Sdk
    • Java binary at: C:\Program Files\Android\Android Studio\jre\bin\java
    • Java version OpenJDK Runtime Environment (build 11.0.11+9-b60-7590822)
    • All Android licenses accepted.

[✓] Chrome - develop for the web
    • Chrome at C:\Program Files\Google\Chrome\Application\chrome.exe

[✓] Visual Studio - develop for Windows (Visual Studio Community 2022 17.1.6)
    • Visual Studio at C:\Program Files\Microsoft Visual Studio\2022\Community
    • Visual Studio Community 2022 version 17.1.32421.90
    • Windows 10 SDK version 10.0.19041.0

[✓] Android Studio (version 2021.1)
    • Android Studio at C:\Program Files\Android\Android Studio
    • Flutter plugin can be installed from:
      🔨 https://plugins.jetbrains.com/plugin/9212-flutter
    • Dart plugin can be installed from:
      🔨 https://plugins.jetbrains.com/plugin/6351-dart
    • Java version OpenJDK Runtime Environment (build 11.0.11+9-b60-7590822)

[✓] IntelliJ IDEA Community Edition (version 2022.1)
    • IntelliJ at C:\Program Files\JetBrains\IntelliJ IDEA Community Edition 2022.1
    • Flutter plugin version 66.0.4
    • Dart plugin version 221.5588

[✓] VS Code (version 1.67.2)
    • VS Code at C:\Users\ham3798\AppData\Local\Programs\Microsoft VS Code
    • Flutter extension can be installed from:
      🔨 https://marketplace.visualstudio.com/items?itemName=Dart-Code.flutter

[✓] Connected device (2 available)
    • Chrome (web) • chrome • web-javascript • Google Chrome 102.0.5005.61
    • Edge (web)   • edge   • web-javascript • Microsoft Edge 101.0.1210.53

[✓] HTTP Host Availability
    • All required HTTP hosts are available

• No issues found!
```
